2021-03-25T04:10:49+00:00 CRITICAL Uncaught Error: Call to undefined function getMainByMenu() in /opt/lampp/htdocs/paidsurvey/wp-content/themes/nextpageit/header.php:29
Stack trace:
#0 /opt/lampp/htdocs/paidsurvey/wp-includes/template.php(730): require_once()
#1 /opt/lampp/htdocs/paidsurvey/wp-includes/template.php(676): load_template('/opt/lampp/htdo...', true, Array)
#2 /opt/lampp/htdocs/paidsurvey/wp-includes/general-template.php(48): locate_template(Array, true, true, Array)
#3 /opt/lampp/htdocs/paidsurvey/wp-content/themes/nextpageit/page.php(12): get_header()
#4 /opt/lampp/htdocs/paidsurvey/wp-includes/template-loader.php(106): include('/opt/lampp/htdo...')
#5 /opt/lampp/htdocs/paidsurvey/wp-blog-header.php(19): require_once('/opt/lampp/htdo...')
#6 /opt/lampp/htdocs/paidsurvey/index.php(17): require('/opt/lampp/htdo...')
#7 {main}
  thrown in /opt/lampp/htdocs/paidsurvey/wp-content/themes/nextpageit/header.php on line 29

2021-03-25T04:12:30+00:00 CRITICAL Uncaught Error: Call to undefined function getMainByMenu() in /opt/lampp/htdocs/paidsurvey/wp-content/themes/nextpageit/footer.php:23
Stack trace:
#0 /opt/lampp/htdocs/paidsurvey/wp-includes/template.php(730): require_once()
#1 /opt/lampp/htdocs/paidsurvey/wp-includes/template.php(676): load_template('/opt/lampp/htdo...', true, Array)
#2 /opt/lampp/htdocs/paidsurvey/wp-includes/general-template.php(92): locate_template(Array, true, true, Array)
#3 /opt/lampp/htdocs/paidsurvey/wp-content/themes/nextpageit/page.php(29): get_footer()
#4 /opt/lampp/htdocs/paidsurvey/wp-includes/template-loader.php(106): include('/opt/lampp/htdo...')
#5 /opt/lampp/htdocs/paidsurvey/wp-blog-header.php(19): require_once('/opt/lampp/htdo...')
#6 /opt/lampp/htdocs/paidsurvey/index.php(17): require('/opt/lampp/htdo...')
#7 {main}
  thrown in /opt/lampp/htdocs/paidsurvey/wp-content/themes/nextpageit/footer.php on line 23

2021-03-25T04:13:00+00:00 CRITICAL Uncaught Error: Call to undefined function getMainByMenu() in /opt/lampp/htdocs/paidsurvey/wp-content/themes/nextpageit/footer.php:23
Stack trace:
#0 /opt/lampp/htdocs/paidsurvey/wp-includes/template.php(730): require_once()
#1 /opt/lampp/htdocs/paidsurvey/wp-includes/template.php(676): load_template('/opt/lampp/htdo...', true, Array)
#2 /opt/lampp/htdocs/paidsurvey/wp-includes/general-template.php(92): locate_template(Array, true, true, Array)
#3 /opt/lampp/htdocs/paidsurvey/wp-content/themes/nextpageit/page.php(29): get_footer()
#4 /opt/lampp/htdocs/paidsurvey/wp-includes/template-loader.php(106): include('/opt/lampp/htdo...')
#5 /opt/lampp/htdocs/paidsurvey/wp-blog-header.php(19): require_once('/opt/lampp/htdo...')
#6 /opt/lampp/htdocs/paidsurvey/index.php(17): require('/opt/lampp/htdo...')
#7 {main}
  thrown in /opt/lampp/htdocs/paidsurvey/wp-content/themes/nextpageit/footer.php on line 23

